[2024-07-09 22:08:14,724][rest_client.py 45][INFO]: 接口请求的地址>>>http://winceshi.yunlvkeji.xyz/jsp/admin/login/doLogin.jsp
[2024-07-09 22:08:14,725][rest_client.py 46][INFO]: 接口请求的方法>>>POST
[2024-07-09 22:08:14,725][rest_client.py 52][INFO]: 接口请求的params参数>>>
{
  "enterpriseId": 13098,
  "userName": "guobingjie",
  "password": "guobingjie"
}
[2024-07-09 22:57:03,789][rest_client.py 45][INFO]: 接口请求的地址>>>http://winceshi.yunlvkeji.xyz/jsp/admin/login/doLogin.jsp
[2024-07-09 22:57:03,789][rest_client.py 46][INFO]: 接口请求的方法>>>POST
[2024-07-09 22:57:03,789][rest_client.py 52][INFO]: 接口请求的params参数>>>
{
  "enterpriseId": 13098,
  "userName": "guobingjie",
  "password": "guobingjie"
}
[2024-07-09 23:00:22,842][rest_client.py 45][INFO]: 接口请求的地址>>>http://winceshi.yunlvkeji.xyz/jsp/admin/login/doLogin.jsp
[2024-07-09 23:00:22,843][rest_client.py 46][INFO]: 接口请求的方法>>>POST
[2024-07-09 23:00:22,843][rest_client.py 52][INFO]: 接口请求的params参数>>>
{
  "enterpriseId": 13098,
  "userName": "guobingjie",
  "password": "guobingjie"
}
[2024-07-09 23:00:59,712][rest_client.py 45][INFO]: 接口请求的地址>>>http://winceshi.yunlvkeji.xyz/jsp/admin/login/doLogin.jsp
[2024-07-09 23:00:59,712][rest_client.py 46][INFO]: 接口请求的方法>>>POST
[2024-07-09 23:00:59,712][rest_client.py 52][INFO]: 接口请求的params参数>>>
{
  "enterpriseId": 13098,
  "userName": "guobingjie",
  "password": "guobingjie"
}
